<?xml version="1.0" encoding="UTF-8"?>
<!-- Generated by org.testng.reporters.JUnitXMLReporter -->
<testsuite ignored="0" hostname="KivishaMehanth" failures="4" tests="6" name="Default test" time="25.414" errors="0" timestamp="2026-06-23T20:38:35 CEST">
  <testcase classname="crm.creatio.crm.api.runner.ApiTestRunner" name="run" time="0.03"/>
  <testcase classname="io.cucumber.testng.AbstractTestNGCucumberTests" name="runScenario" time="9.239"/>
  <testcase classname="io.cucumber.testng.AbstractTestNGCucumberTests" name="runScenario" time="5.571">
    <failure type="java.lang.AssertionError" message="Response body value is incorrect expected [RestAssuredRepository] but found [RestAssuredRepository1]">
      <![CDATA[java.lang.AssertionError: Response body value is incorrect expected [RestAssuredRepository] but found [RestAssuredRepository1]
at org.testng.Assert.fail(Assert.java:111)
at org.testng.Assert.failNotEquals(Assert.java:1590)
at org.testng.Assert.assertEqualsImpl(Assert.java:150)
at org.testng.Assert.assertEquals(Assert.java:132)
at org.testng.Assert.assertEquals(Assert.java:656)
at com.creatio.crm.framework.api.commons.APICommons.validateResponseBody(APICommons.java:75)
at com.creatio.crm.api.stepDefinitions.ApiStepDefinitons.verifyResponseBody(ApiStepDefinitons.java:48)
at ✽.Response body should contain "name" with value "RestAssuredRepository"(file:///C:/AutomationTraining/CreatioHybridFramework/APiFeatures/GitApi.feature:10)
]]>
    </failure>
  </testcase> <!-- runScenario -->
  <testcase classname="io.cucumber.testng.AbstractTestNGCucumberTests" name="runScenario" time="2.739">
    <failure type="java.lang.AssertionError" message="Status Code not matching expected [200] but found [404]">
      <![CDATA[java.lang.AssertionError: Status Code not matching expected [200] but found [404]
at org.testng.Assert.fail(Assert.java:111)
at org.testng.Assert.failNotEquals(Assert.java:1590)
at org.testng.Assert.assertEqualsImpl(Assert.java:150)
at org.testng.Assert.assertEquals(Assert.java:132)
at org.testng.Assert.assertEquals(Assert.java:1431)
at org.testng.Assert.assertEquals(Assert.java:1395)
at com.creatio.crm.framework.api.commons.APICommons.validateStatusCode(APICommons.java:57)
at com.creatio.crm.api.stepDefinitions.ApiStepDefinitons.verifyResponseCode(ApiStepDefinitons.java:33)
at ✽.User should get the response code as 200(file:///C:/AutomationTraining/CreatioHybridFramework/APiFeatures/GitApi.feature:19)
]]>
    </failure>
  </testcase> <!-- runScenario -->
  <testcase classname="io.cucumber.testng.AbstractTestNGCucumberTests" name="runScenario" time="2.791">
    <failure type="java.lang.AssertionError" message="Status Code not matching expected [200] but found [400]">
      <![CDATA[java.lang.AssertionError: Status Code not matching expected [200] but found [400]
at org.testng.Assert.fail(Assert.java:111)
at org.testng.Assert.failNotEquals(Assert.java:1590)
at org.testng.Assert.assertEqualsImpl(Assert.java:150)
at org.testng.Assert.assertEquals(Assert.java:132)
at org.testng.Assert.assertEquals(Assert.java:1431)
at org.testng.Assert.assertEquals(Assert.java:1395)
at com.creatio.crm.framework.api.commons.APICommons.validateStatusCode(APICommons.java:57)
at com.creatio.crm.api.stepDefinitions.ApiStepDefinitons.verifyResponseCode(ApiStepDefinitons.java:33)
at ✽.User should get the response code as 200(file:///C:/AutomationTraining/CreatioHybridFramework/APiFeatures/GitApi.feature:26)
]]>
    </failure>
  </testcase> <!-- runScenario -->
  <testcase classname="io.cucumber.testng.AbstractTestNGCucumberTests" name="runScenario" time="3.207">
    <failure type="java.lang.AssertionError" message="Status Code not matching expected [204] but found [404]">
      <![CDATA[java.lang.AssertionError: Status Code not matching expected [204] but found [404]
at org.testng.Assert.fail(Assert.java:111)
at org.testng.Assert.failNotEquals(Assert.java:1590)
at org.testng.Assert.assertEqualsImpl(Assert.java:150)
at org.testng.Assert.assertEquals(Assert.java:132)
at org.testng.Assert.assertEquals(Assert.java:1431)
at org.testng.Assert.assertEquals(Assert.java:1395)
at com.creatio.crm.framework.api.commons.APICommons.validateStatusCode(APICommons.java:57)
at com.creatio.crm.api.stepDefinitions.ApiStepDefinitons.verifyResponseCode(ApiStepDefinitons.java:33)
at ✽.User should get the response code as 204(file:///C:/AutomationTraining/CreatioHybridFramework/APiFeatures/GitApi.feature:34)
]]>
    </failure>
  </testcase> <!-- runScenario -->
</testsuite> <!-- Default test -->
