<?xml version="1.0" encoding="UTF-8"?>
<!-- Generated by org.testng.reporters.JUnitXMLReporter -->
<testsuite ignored="0" hostname="KivishaMehanth" failures="4" tests="6" name="Test" time="25.061" errors="0" timestamp="2026-06-23T20:42:35 CEST">
  <testcase classname="crm.creatio.crm.api.runner.ApiTestRunner" name="run" time="0.021"/>
  <testcase classname="io.cucumber.testng.AbstractTestNGCucumberTests" name="runScenario" time="11.506"/>
  <testcase classname="io.cucumber.testng.AbstractTestNGCucumberTests" name="runScenario" time="2.927">
    <failure type="java.lang.AssertionError" message="Status Code not matching expected [201] but found [422]">
      <![CDATA[java.lang.AssertionError: Status Code not matching expected [201] but found [422]
at com.creatio.crm.framework.api.commons.APICommons.validateStatusCode(APICommons.java:57)
at com.creatio.crm.api.stepDefinitions.ApiStepDefinitons.verifyResponseCode(ApiStepDefinitons.java:33)
at ✽.User should get the response code as 201(file:///C:/AutomationTraining/CreatioHybridFramework/APiFeatures/GitApi.feature:7)
... Removed 6 stack frames]]>
    </failure>
  </testcase> <!-- runScenario -->
  <testcase classname="io.cucumber.testng.AbstractTestNGCucumberTests" name="runScenario" time="3.023">
    <failure type="java.lang.AssertionError" message="Status Code not matching expected [200] but found [404]">
      <![CDATA[java.lang.AssertionError: Status Code not matching expected [200] but found [404]
at com.creatio.crm.framework.api.commons.APICommons.validateStatusCode(APICommons.java:57)
at com.creatio.crm.api.stepDefinitions.ApiStepDefinitons.verifyResponseCode(ApiStepDefinitons.java:33)
at ✽.User should get the response code as 200(file:///C:/AutomationTraining/CreatioHybridFramework/APiFeatures/GitApi.feature:19)
... Removed 6 stack frames]]>
    </failure>
  </testcase> <!-- runScenario -->
  <testcase classname="io.cucumber.testng.AbstractTestNGCucumberTests" name="runScenario" time="2.725">
    <failure type="java.lang.AssertionError" message="Status Code not matching expected [200] but found [400]">
      <![CDATA[java.lang.AssertionError: Status Code not matching expected [200] but found [400]
at com.creatio.crm.framework.api.commons.APICommons.validateStatusCode(APICommons.java:57)
at com.creatio.crm.api.stepDefinitions.ApiStepDefinitons.verifyResponseCode(ApiStepDefinitons.java:33)
at ✽.User should get the response code as 200(file:///C:/AutomationTraining/CreatioHybridFramework/APiFeatures/GitApi.feature:26)
... Removed 6 stack frames]]>
    </failure>
  </testcase> <!-- runScenario -->
  <testcase classname="io.cucumber.testng.AbstractTestNGCucumberTests" name="runScenario" time="2.886">
    <failure type="java.lang.AssertionError" message="Status Code not matching expected [204] but found [404]">
      <![CDATA[java.lang.AssertionError: Status Code not matching expected [204] but found [404]
at com.creatio.crm.framework.api.commons.APICommons.validateStatusCode(APICommons.java:57)
at com.creatio.crm.api.stepDefinitions.ApiStepDefinitons.verifyResponseCode(ApiStepDefinitons.java:33)
at ✽.User should get the response code as 204(file:///C:/AutomationTraining/CreatioHybridFramework/APiFeatures/GitApi.feature:34)
... Removed 6 stack frames]]>
    </failure>
  </testcase> <!-- runScenario -->
</testsuite> <!-- Test -->
