<?xml version="1.0" encoding="UTF-8"?>
<testng-results ignored="0" total="6" passed="2" failed="4" skipped="0">
  <reporter-output>
  </reporter-output>
  <suite started-at="2026-06-23T20:42:10 CEST" name="Suite" finished-at="2026-06-23T20:42:35 CEST" duration-ms="25061">
    <groups>
      <group name="cucumber">
        <method signature="AbstractTestNGCucumberTests.runScenario(io.cucumber.testng.PickleWrapper,io.cucumber.testng.FeatureWrapper)[pri:0, instance:crm.creatio.crm.api.runner.ApiTestRunner@394df057]" name="runScenario" class="io.cucumber.testng.AbstractTestNGCucumberTests"/>
      </group> <!-- cucumber -->
    </groups>
    <test started-at="2026-06-23T20:42:10 CEST" name="Test" finished-at="2026-06-23T20:42:35 CEST" duration-ms="25061">
      <class name="crm.creatio.crm.api.runner.ApiTestRunner">
        <test-method is-config="true" signature="setUpClass(org.testng.ITestContext)[pri:0, instance:crm.creatio.crm.api.runner.ApiTestRunner@394df057]" started-at="2026-06-23T20:42:10 CEST" name="setUpClass" finished-at="2026-06-23T20:42:12 CEST" duration-ms="1745" status="PASS">
          <params>
            <param index="0">
              <value>
                <![CDATA[org.testng.TestRunner@3b021664]]>
              </value>
            </param>
          </params>
          <reporter-output>
          </reporter-output>
        </test-method> <!-- setUpClass -->
        <test-method signature="run()[pri:0, instance:crm.creatio.crm.api.runner.ApiTestRunner@394df057]" started-at="2026-06-23T20:42:12 CEST" name="run" finished-at="2026-06-23T20:42:12 CEST" duration-ms="21" status="PASS">
          <reporter-output>
          </reporter-output>
        </test-method> <!-- run -->
        <test-method signature="runScenario(io.cucumber.testng.PickleWrapper,io.cucumber.testng.FeatureWrapper)[pri:0, instance:crm.creatio.crm.api.runner.ApiTestRunner@394df057]" started-at="2026-06-23T20:42:12 CEST" name="runScenario" description="Runs Cucumber Scenarios" data-provider="scenarios" finished-at="2026-06-23T20:42:24 CEST" duration-ms="11506" status="PASS">
          <params>
            <param index="0">
              <value>
                <![CDATA["Request to create a new repository for the authenticated user with "InValid""]]>
              </value>
            </param>
            <param index="1">
              <value>
                <![CDATA["Git Repository API Validations"]]>
              </value>
            </param>
          </params>
          <reporter-output>
          </reporter-output>
        </test-method> <!-- runScenario -->
        <test-method signature="runScenario(io.cucumber.testng.PickleWrapper,io.cucumber.testng.FeatureWrapper)[pri:0, instance:crm.creatio.crm.api.runner.ApiTestRunner@394df057]" started-at="2026-06-23T20:42:24 CEST" name="runScenario" description="Runs Cucumber Scenarios" data-provider="scenarios" finished-at="2026-06-23T20:42:27 CEST" duration-ms="2927" status="FAIL">
          <params>
            <param index="0">
              <value>
                <![CDATA["Request to create a new repository for the authenticated user with "Valid""]]>
              </value>
            </param>
            <param index="1">
              <value>
                <![CDATA["Git Repository API Validations"]]>
              </value>
            </param>
          </params>
          <exception class="java.lang.AssertionError">
            <message>
              <![CDATA[Status Code not matching expected [201] but found [422]]]>
            </message>
            <full-stacktrace>
              <![CDATA[java.lang.AssertionError: Status Code not matching expected [201] but found [422]
at org.testng.Assert.fail(Assert.java:111)
at org.testng.Assert.failNotEquals(Assert.java:1590)
at org.testng.Assert.assertEqualsImpl(Assert.java:150)
at org.testng.Assert.assertEquals(Assert.java:132)
at org.testng.Assert.assertEquals(Assert.java:1431)
at org.testng.Assert.assertEquals(Assert.java:1395)
at com.creatio.crm.framework.api.commons.APICommons.validateStatusCode(APICommons.java:57)
at com.creatio.crm.api.stepDefinitions.ApiStepDefinitons.verifyResponseCode(ApiStepDefinitons.java:33)
at ✽.User should get the response code as 201(file:///C:/AutomationTraining/CreatioHybridFramework/APiFeatures/GitApi.feature:7)
]]>
            </full-stacktrace>
          </exception> <!-- java.lang.AssertionError -->
          <reporter-output>
          </reporter-output>
        </test-method> <!-- runScenario -->
        <test-method signature="runScenario(io.cucumber.testng.PickleWrapper,io.cucumber.testng.FeatureWrapper)[pri:0, instance:crm.creatio.crm.api.runner.ApiTestRunner@394df057]" started-at="2026-06-23T20:42:27 CEST" name="runScenario" description="Runs Cucumber Scenarios" data-provider="scenarios" finished-at="2026-06-23T20:42:30 CEST" duration-ms="3023" status="FAIL">
          <params>
            <param index="0">
              <value>
                <![CDATA["Request to get the existing repository for the authenticated user."]]>
              </value>
            </param>
            <param index="1">
              <value>
                <![CDATA["Git Repository API Validations"]]>
              </value>
            </param>
          </params>
          <exception class="java.lang.AssertionError">
            <message>
              <![CDATA[Status Code not matching expected [200] but found [404]]]>
            </message>
            <full-stacktrace>
              <![CDATA[java.lang.AssertionError: Status Code not matching expected [200] but found [404]
at org.testng.Assert.fail(Assert.java:111)
at org.testng.Assert.failNotEquals(Assert.java:1590)
at org.testng.Assert.assertEqualsImpl(Assert.java:150)
at org.testng.Assert.assertEquals(Assert.java:132)
at org.testng.Assert.assertEquals(Assert.java:1431)
at org.testng.Assert.assertEquals(Assert.java:1395)
at com.creatio.crm.framework.api.commons.APICommons.validateStatusCode(APICommons.java:57)
at com.creatio.crm.api.stepDefinitions.ApiStepDefinitons.verifyResponseCode(ApiStepDefinitons.java:33)
at ✽.User should get the response code as 200(file:///C:/AutomationTraining/CreatioHybridFramework/APiFeatures/GitApi.feature:19)
]]>
            </full-stacktrace>
          </exception> <!-- java.lang.AssertionError -->
          <reporter-output>
          </reporter-output>
        </test-method> <!-- runScenario -->
        <test-method signature="runScenario(io.cucumber.testng.PickleWrapper,io.cucumber.testng.FeatureWrapper)[pri:0, instance:crm.creatio.crm.api.runner.ApiTestRunner@394df057]" started-at="2026-06-23T20:42:30 CEST" name="runScenario" description="Runs Cucumber Scenarios" data-provider="scenarios" finished-at="2026-06-23T20:42:32 CEST" duration-ms="2725" status="FAIL">
          <params>
            <param index="0">
              <value>
                <![CDATA["Request to update the existing repository for the authenticated user."]]>
              </value>
            </param>
            <param index="1">
              <value>
                <![CDATA["Git Repository API Validations"]]>
              </value>
            </param>
          </params>
          <exception class="java.lang.AssertionError">
            <message>
              <![CDATA[Status Code not matching expected [200] but found [400]]]>
            </message>
            <full-stacktrace>
              <![CDATA[java.lang.AssertionError: Status Code not matching expected [200] but found [400]
at org.testng.Assert.fail(Assert.java:111)
at org.testng.Assert.failNotEquals(Assert.java:1590)
at org.testng.Assert.assertEqualsImpl(Assert.java:150)
at org.testng.Assert.assertEquals(Assert.java:132)
at org.testng.Assert.assertEquals(Assert.java:1431)
at org.testng.Assert.assertEquals(Assert.java:1395)
at com.creatio.crm.framework.api.commons.APICommons.validateStatusCode(APICommons.java:57)
at com.creatio.crm.api.stepDefinitions.ApiStepDefinitons.verifyResponseCode(ApiStepDefinitons.java:33)
at ✽.User should get the response code as 200(file:///C:/AutomationTraining/CreatioHybridFramework/APiFeatures/GitApi.feature:26)
]]>
            </full-stacktrace>
          </exception> <!-- java.lang.AssertionError -->
          <reporter-output>
          </reporter-output>
        </test-method> <!-- runScenario -->
        <test-method signature="runScenario(io.cucumber.testng.PickleWrapper,io.cucumber.testng.FeatureWrapper)[pri:0, instance:crm.creatio.crm.api.runner.ApiTestRunner@394df057]" started-at="2026-06-23T20:42:32 CEST" name="runScenario" description="Runs Cucumber Scenarios" data-provider="scenarios" finished-at="2026-06-23T20:42:35 CEST" duration-ms="2886" status="FAIL">
          <params>
            <param index="0">
              <value>
                <![CDATA["Request to delete the existing repository for the authenticated user."]]>
              </value>
            </param>
            <param index="1">
              <value>
                <![CDATA["Git Repository API Validations"]]>
              </value>
            </param>
          </params>
          <exception class="java.lang.AssertionError">
            <message>
              <![CDATA[Status Code not matching expected [204] but found [404]]]>
            </message>
            <full-stacktrace>
              <![CDATA[java.lang.AssertionError: Status Code not matching expected [204] but found [404]
at org.testng.Assert.fail(Assert.java:111)
at org.testng.Assert.failNotEquals(Assert.java:1590)
at org.testng.Assert.assertEqualsImpl(Assert.java:150)
at org.testng.Assert.assertEquals(Assert.java:132)
at org.testng.Assert.assertEquals(Assert.java:1431)
at org.testng.Assert.assertEquals(Assert.java:1395)
at com.creatio.crm.framework.api.commons.APICommons.validateStatusCode(APICommons.java:57)
at com.creatio.crm.api.stepDefinitions.ApiStepDefinitons.verifyResponseCode(ApiStepDefinitons.java:33)
at ✽.User should get the response code as 204(file:///C:/AutomationTraining/CreatioHybridFramework/APiFeatures/GitApi.feature:34)
]]>
            </full-stacktrace>
          </exception> <!-- java.lang.AssertionError -->
          <reporter-output>
          </reporter-output>
        </test-method> <!-- runScenario -->
        <test-method is-config="true" signature="tearDownClass()[pri:0, instance:crm.creatio.crm.api.runner.ApiTestRunner@394df057]" started-at="2026-06-23T20:42:35 CEST" name="tearDownClass" finished-at="2026-06-23T20:42:35 CEST" duration-ms="76" status="PASS">
          <reporter-output>
          </reporter-output>
        </test-method> <!-- tearDownClass -->
      </class> <!-- crm.creatio.crm.api.runner.ApiTestRunner -->
    </test> <!-- Test -->
  </suite> <!-- Suite -->
</testng-results>
