<?xml version="1.0" encoding="UTF-8"?>
<!-- Generated by org.testng.reporters.JUnitReportReporter -->
<testsuite hostname="KivishaMehanth" failures="2" tests="15" name="com.creatio.crm.application.testRunner.ApplicationTestRunner" time="335.627" errors="5" timestamp="2026-06-21T14:48:56 CEST" skipped="0">
  <testcase classname="com.creatio.crm.application.testRunner.ApplicationTestRunner" name="runScenario" time="7.617"/>
  <testcase classname="com.creatio.crm.application.testRunner.ApplicationTestRunner" name="runScenario" time="44.518">
    <error message="Expected condition failed: waiting for visibility of [[ChromeDriver: chrome on windows (2b0f6668c79a1e5fda0ecd3cf8522f46)] -&gt; xpath: //span[text()=&#039;LOG IN TO YOUR ACCOUNT&#039;]] (tried for 30 second(s) with 500 milliseconds interval)
Build info: version: &#039;4.30.0&#039;, revision: &#039;509c7f17cc*&#039;
System info: os.name: &#039;Windows 11&#039;, os.arch: &#039;amd64&#039;, os.version: &#039;10.0&#039;, java.version: &#039;21.0.9&#039;
Driver info: org.openqa.selenium.chrome.ChromeDriver
Capabilities {acceptInsecureCerts: false, browserName: chrome, browserVersion: 148.0.7778.218, chrome: {chromedriverVersion: 148.0.7778.178 (d096af1c9e9..., userDataDir: C:\Users\DELLTO~1\AppData\L...}, fedcm:accounts: true, goog:chromeOptions: {debuggerAddress: localhost:50703}, goog:processID: 7060, networkConnectionEnabled: false, pageLoadStrategy: normal, platformName: windows, proxy: Proxy(), se:cdp: ws://localhost:50703/devtoo..., se:cdpVersion: 148.0.7778.218, setWindowRect: true, strictFileInteractability: false, timeouts: {implicit: 0, pageLoad: 300000, script: 30000}, unhandledPromptBehavior: dismiss and notify, webauthn:extension:credBlob: true, webauthn:extension:largeBlob: true, webauthn:extension:minPinLength: true, webauthn:extension:prf: true, webauthn:virtualAuthenticators: true}
Session ID: 2b0f6668c79a1e5fda0ecd3cf8522f46" type="org.openqa.selenium.TimeoutException">
      <![CDATA[org.openqa.selenium.TimeoutException: Expected condition failed: waiting for visibility of [[ChromeDriver: chrome on windows (2b0f6668c79a1e5fda0ecd3cf8522f46)] -> xpath: //span[text()='LOG IN TO YOUR ACCOUNT']] (tried for 30 second(s) with 500 milliseconds interval)
Build info: version: '4.30.0', revision: '509c7f17cc*'
System info: os.name: 'Windows 11', os.arch: 'amd64', os.version: '10.0', java.version: '21.0.9'
Driver info: org.openqa.selenium.chrome.ChromeDriver
Capabilities {acceptInsecureCerts: false, browserName: chrome, browserVersion: 148.0.7778.218, chrome: {chromedriverVersion: 148.0.7778.178 (d096af1c9e9..., userDataDir: C:\Users\DELLTO~1\AppData\L...}, fedcm:accounts: true, goog:chromeOptions: {debuggerAddress: localhost:50703}, goog:processID: 7060, networkConnectionEnabled: false, pageLoadStrategy: normal, platformName: windows, proxy: Proxy(), se:cdp: ws://localhost:50703/devtoo..., se:cdpVersion: 148.0.7778.218, setWindowRect: true, strictFileInteractability: false, timeouts: {implicit: 0, pageLoad: 300000, script: 30000}, unhandledPromptBehavior: dismiss and notify, webauthn:extension:credBlob: true, webauthn:extension:largeBlob: true, webauthn:extension:minPinLength: true, webauthn:extension:prf: true, webauthn:virtualAuthenticators: true}
Session ID: 2b0f6668c79a1e5fda0ecd3cf8522f46
at org.openqa.selenium.support.ui.WebDriverWait.timeoutException(WebDriverWait.java:84)
at org.openqa.selenium.support.ui.FluentWait.until(FluentWait.java:228)
at com.creatio.crm.framework.web.commons.WebCommons.waitForElement(WebCommons.java:166)
at com.creatio.crm.application.steps.LoginPageSteps.verifyLoginPageIsDisplayed(LoginPageSteps.java:17)
at com.creatio.crm.application.stepDefinitions.applicationStepDefinitions.VerifyLoginPageDisplayed(applicationStepDefinitions.java:59)
at ✽.Verify Login page is displayed(file:///C:/AutomationTraining/CreatioHybridFramework/UIFeatures/LoginPage.feature:13)
]]>
    </error>
  </testcase> <!-- runScenario -->
  <testcase classname="com.creatio.crm.application.testRunner.ApplicationTestRunner" name="runScenario" time="43.882">
    <error message="Expected condition failed: waiting for visibility of [[ChromeDriver: chrome on windows (ce8381d1d3575550d291297f0909e232)] -&gt; xpath: //span[text()=&#039;LOG IN TO YOUR ACCOUNT&#039;]] (tried for 30 second(s) with 500 milliseconds interval)
Build info: version: &#039;4.30.0&#039;, revision: &#039;509c7f17cc*&#039;
System info: os.name: &#039;Windows 11&#039;, os.arch: &#039;amd64&#039;, os.version: &#039;10.0&#039;, java.version: &#039;21.0.9&#039;
Driver info: org.openqa.selenium.chrome.ChromeDriver
Capabilities {acceptInsecureCerts: false, browserName: chrome, browserVersion: 148.0.7778.218, chrome: {chromedriverVersion: 148.0.7778.178 (d096af1c9e9..., userDataDir: C:\Users\DELLTO~1\AppData\L...}, fedcm:accounts: true, goog:chromeOptions: {debuggerAddress: localhost:60832}, goog:processID: 56872, networkConnectionEnabled: false, pageLoadStrategy: normal, platformName: windows, proxy: Proxy(), se:cdp: ws://localhost:60832/devtoo..., se:cdpVersion: 148.0.7778.218, setWindowRect: true, strictFileInteractability: false, timeouts: {implicit: 0, pageLoad: 300000, script: 30000}, unhandledPromptBehavior: dismiss and notify, webauthn:extension:credBlob: true, webauthn:extension:largeBlob: true, webauthn:extension:minPinLength: true, webauthn:extension:prf: true, webauthn:virtualAuthenticators: true}
Session ID: ce8381d1d3575550d291297f0909e232" type="org.openqa.selenium.TimeoutException">
      <![CDATA[org.openqa.selenium.TimeoutException: Expected condition failed: waiting for visibility of [[ChromeDriver: chrome on windows (ce8381d1d3575550d291297f0909e232)] -> xpath: //span[text()='LOG IN TO YOUR ACCOUNT']] (tried for 30 second(s) with 500 milliseconds interval)
Build info: version: '4.30.0', revision: '509c7f17cc*'
System info: os.name: 'Windows 11', os.arch: 'amd64', os.version: '10.0', java.version: '21.0.9'
Driver info: org.openqa.selenium.chrome.ChromeDriver
Capabilities {acceptInsecureCerts: false, browserName: chrome, browserVersion: 148.0.7778.218, chrome: {chromedriverVersion: 148.0.7778.178 (d096af1c9e9..., userDataDir: C:\Users\DELLTO~1\AppData\L...}, fedcm:accounts: true, goog:chromeOptions: {debuggerAddress: localhost:60832}, goog:processID: 56872, networkConnectionEnabled: false, pageLoadStrategy: normal, platformName: windows, proxy: Proxy(), se:cdp: ws://localhost:60832/devtoo..., se:cdpVersion: 148.0.7778.218, setWindowRect: true, strictFileInteractability: false, timeouts: {implicit: 0, pageLoad: 300000, script: 30000}, unhandledPromptBehavior: dismiss and notify, webauthn:extension:credBlob: true, webauthn:extension:largeBlob: true, webauthn:extension:minPinLength: true, webauthn:extension:prf: true, webauthn:virtualAuthenticators: true}
Session ID: ce8381d1d3575550d291297f0909e232
at org.openqa.selenium.support.ui.WebDriverWait.timeoutException(WebDriverWait.java:84)
at org.openqa.selenium.support.ui.FluentWait.until(FluentWait.java:228)
at com.creatio.crm.framework.web.commons.WebCommons.waitForElement(WebCommons.java:166)
at com.creatio.crm.application.steps.LoginPageSteps.verifyLoginPageIsDisplayed(LoginPageSteps.java:17)
at com.creatio.crm.application.stepDefinitions.applicationStepDefinitions.VerifyLoginPageDisplayed(applicationStepDefinitions.java:59)
at ✽.Verify Login page is displayed(file:///C:/AutomationTraining/CreatioHybridFramework/UIFeatures/LoginPage.feature:40)
]]>
    </error>
  </testcase> <!-- runScenario -->
  <testcase classname="com.creatio.crm.application.testRunner.ApplicationTestRunner" name="runScenario" time="8.148">
    <failure message="Cookies pop-up content message does not match expected [null] but found [We may use cookies and similar technologies to collect information about the ways you interact with and use the website, to support and enhance features and functionality, to monitor performance, to personalize content and experiences, for marketing and analytics, and for other lawful purposes. We also may share information about your use of our site with our social media, advertising and analytics partners who may combine it with other information that you’ve provided to them or that they’ve collected from your use of their services. Please, see more details on the &quot;About&quot; tab ]" type="java.lang.AssertionError">
      <![CDATA[java.lang.AssertionError: Cookies pop-up content message does not match expected [null] but found [We may use cookies and similar technologies to collect information about the ways you interact with and use the website, to support and enhance features and functionality, to monitor performance, to personalize content and experiences, for marketing and analytics, and for other lawful purposes. We also may share information about your use of our site with our social media, advertising and analytics partners who may combine it with other information that you’ve provided to them or that they’ve collected from your use of their services. Please, see more details on the "About" tab ]
at org.testng.Assert.fail(Assert.java:111)
at org.testng.Assert.failNotEquals(Assert.java:1590)
at org.testng.Assert.assertEqualsImpl(Assert.java:150)
at org.testng.Assert.assertEquals(Assert.java:132)
at org.testng.Assert.assertEquals(Assert.java:656)
at com.creatio.crm.application.steps.CookiesPageSteps.verifyCookiesPopupContentMessage(CookiesPageSteps.java:26)
at com.creatio.crm.application.stepDefinitions.applicationStepDefinitions.validateCookiesPopUpContentMessage(applicationStepDefinitions.java:122)
at ✽.Validate the cookies pop-up content message(file:///C:/AutomationTraining/CreatioHybridFramework/UIFeatures/CookiesPage.feature:14)
]]>
    </failure>
  </testcase> <!-- runScenario -->
  <testcase classname="com.creatio.crm.application.testRunner.ApplicationTestRunner" name="runScenario" time="45.484">
    <failure message="Cookies pop-up is not closed" type="java.lang.AssertionError">
      <![CDATA[java.lang.AssertionError: Cookies pop-up is not closed
at org.testng.Assert.fail(Assert.java:111)
at com.creatio.crm.application.steps.CookiesPageSteps.verifyCookiesPopupIsClosed(CookiesPageSteps.java:100)
at com.creatio.crm.application.stepDefinitions.applicationStepDefinitions.verifyCookiesPopupClosed(applicationStepDefinitions.java:54)
at ✽.Verify the cookies popup is closed.(file:///C:/AutomationTraining/CreatioHybridFramework/UIFeatures/LoginPage.feature:30)
]]>
    </failure>
  </testcase> <!-- runScenario -->
  <testcase classname="com.creatio.crm.application.testRunner.ApplicationTestRunner" name="runScenario" time="43.210">
    <error message="Expected condition failed: waiting for visibility of [[ChromeDriver: chrome on windows (c754b29acab253fcf48b1addd4a3d634)] -&gt; xpath: //span[text()=&#039;LOG IN TO YOUR ACCOUNT&#039;]] (tried for 30 second(s) with 500 milliseconds interval)
Build info: version: &#039;4.30.0&#039;, revision: &#039;509c7f17cc*&#039;
System info: os.name: &#039;Windows 11&#039;, os.arch: &#039;amd64&#039;, os.version: &#039;10.0&#039;, java.version: &#039;21.0.9&#039;
Driver info: org.openqa.selenium.chrome.ChromeDriver
Capabilities {acceptInsecureCerts: false, browserName: chrome, browserVersion: 148.0.7778.218, chrome: {chromedriverVersion: 148.0.7778.178 (d096af1c9e9..., userDataDir: C:\Users\DELLTO~1\AppData\L...}, fedcm:accounts: true, goog:chromeOptions: {debuggerAddress: localhost:51083}, goog:processID: 7048, networkConnectionEnabled: false, pageLoadStrategy: normal, platformName: windows, proxy: Proxy(), se:cdp: ws://localhost:51083/devtoo..., se:cdpVersion: 148.0.7778.218, setWindowRect: true, strictFileInteractability: false, timeouts: {implicit: 0, pageLoad: 300000, script: 30000}, unhandledPromptBehavior: dismiss and notify, webauthn:extension:credBlob: true, webauthn:extension:largeBlob: true, webauthn:extension:minPinLength: true, webauthn:extension:prf: true, webauthn:virtualAuthenticators: true}
Session ID: c754b29acab253fcf48b1addd4a3d634" type="org.openqa.selenium.TimeoutException">
      <![CDATA[org.openqa.selenium.TimeoutException: Expected condition failed: waiting for visibility of [[ChromeDriver: chrome on windows (c754b29acab253fcf48b1addd4a3d634)] -> xpath: //span[text()='LOG IN TO YOUR ACCOUNT']] (tried for 30 second(s) with 500 milliseconds interval)
Build info: version: '4.30.0', revision: '509c7f17cc*'
System info: os.name: 'Windows 11', os.arch: 'amd64', os.version: '10.0', java.version: '21.0.9'
Driver info: org.openqa.selenium.chrome.ChromeDriver
Capabilities {acceptInsecureCerts: false, browserName: chrome, browserVersion: 148.0.7778.218, chrome: {chromedriverVersion: 148.0.7778.178 (d096af1c9e9..., userDataDir: C:\Users\DELLTO~1\AppData\L...}, fedcm:accounts: true, goog:chromeOptions: {debuggerAddress: localhost:51083}, goog:processID: 7048, networkConnectionEnabled: false, pageLoadStrategy: normal, platformName: windows, proxy: Proxy(), se:cdp: ws://localhost:51083/devtoo..., se:cdpVersion: 148.0.7778.218, setWindowRect: true, strictFileInteractability: false, timeouts: {implicit: 0, pageLoad: 300000, script: 30000}, unhandledPromptBehavior: dismiss and notify, webauthn:extension:credBlob: true, webauthn:extension:largeBlob: true, webauthn:extension:minPinLength: true, webauthn:extension:prf: true, webauthn:virtualAuthenticators: true}
Session ID: c754b29acab253fcf48b1addd4a3d634
at org.openqa.selenium.support.ui.WebDriverWait.timeoutException(WebDriverWait.java:84)
at org.openqa.selenium.support.ui.FluentWait.until(FluentWait.java:228)
at com.creatio.crm.framework.web.commons.WebCommons.waitForElement(WebCommons.java:166)
at com.creatio.crm.application.steps.LoginPageSteps.verifyLoginPageIsDisplayed(LoginPageSteps.java:17)
at com.creatio.crm.application.stepDefinitions.applicationStepDefinitions.VerifyLoginPageDisplayed(applicationStepDefinitions.java:59)
at ✽.Verify Login page is displayed(file:///C:/AutomationTraining/CreatioHybridFramework/UIFeatures/LoginPage.feature:40)
]]>
    </error>
  </testcase> <!-- runScenario -->
  <testcase classname="com.creatio.crm.application.testRunner.ApplicationTestRunner" name="run" time="0.033"/>
  <testcase classname="com.creatio.crm.application.testRunner.ApplicationTestRunner" name="runScenario" time="8.717"/>
  <testcase classname="com.creatio.crm.application.testRunner.ApplicationTestRunner" name="runScenario" time="13.126"/>
  <testcase classname="com.creatio.crm.application.testRunner.ApplicationTestRunner" name="runScenario" time="7.574"/>
  <testcase classname="com.creatio.crm.application.testRunner.ApplicationTestRunner" name="runScenario" time="11.361"/>
  <testcase classname="com.creatio.crm.application.testRunner.ApplicationTestRunner" name="runScenario" time="13.778"/>
  <testcase classname="com.creatio.crm.application.testRunner.ApplicationTestRunner" name="runScenario" time="40.316">
    <error message="Expected condition failed: waiting for visibility of [[ChromeDriver: chrome on windows (a4fca1db6dbe00b42e5a79b1c3f2c647)] -&gt; xpath: //input[@id=&#039;CybotCookiebotDialogBodyLevelButtonNecessary&#039;]] (tried for 30 second(s) with 500 milliseconds interval)
Build info: version: &#039;4.30.0&#039;, revision: &#039;509c7f17cc*&#039;
System info: os.name: &#039;Windows 11&#039;, os.arch: &#039;amd64&#039;, os.version: &#039;10.0&#039;, java.version: &#039;21.0.9&#039;
Driver info: org.openqa.selenium.chrome.ChromeDriver
Capabilities {acceptInsecureCerts: false, browserName: chrome, browserVersion: 148.0.7778.218, chrome: {chromedriverVersion: 148.0.7778.178 (d096af1c9e9..., userDataDir: C:\Users\DELLTO~1\AppData\L...}, fedcm:accounts: true, goog:chromeOptions: {debuggerAddress: localhost:54834}, goog:processID: 23840, networkConnectionEnabled: false, pageLoadStrategy: normal, platformName: windows, proxy: Proxy(), se:cdp: ws://localhost:54834/devtoo..., se:cdpVersion: 148.0.7778.218, setWindowRect: true, strictFileInteractability: false, timeouts: {implicit: 0, pageLoad: 300000, script: 30000}, unhandledPromptBehavior: dismiss and notify, webauthn:extension:credBlob: true, webauthn:extension:largeBlob: true, webauthn:extension:minPinLength: true, webauthn:extension:prf: true, webauthn:virtualAuthenticators: true}
Session ID: a4fca1db6dbe00b42e5a79b1c3f2c647" type="org.openqa.selenium.TimeoutException">
      <![CDATA[org.openqa.selenium.TimeoutException: Expected condition failed: waiting for visibility of [[ChromeDriver: chrome on windows (a4fca1db6dbe00b42e5a79b1c3f2c647)] -> xpath: //input[@id='CybotCookiebotDialogBodyLevelButtonNecessary']] (tried for 30 second(s) with 500 milliseconds interval)
Build info: version: '4.30.0', revision: '509c7f17cc*'
System info: os.name: 'Windows 11', os.arch: 'amd64', os.version: '10.0', java.version: '21.0.9'
Driver info: org.openqa.selenium.chrome.ChromeDriver
Capabilities {acceptInsecureCerts: false, browserName: chrome, browserVersion: 148.0.7778.218, chrome: {chromedriverVersion: 148.0.7778.178 (d096af1c9e9..., userDataDir: C:\Users\DELLTO~1\AppData\L...}, fedcm:accounts: true, goog:chromeOptions: {debuggerAddress: localhost:54834}, goog:processID: 23840, networkConnectionEnabled: false, pageLoadStrategy: normal, platformName: windows, proxy: Proxy(), se:cdp: ws://localhost:54834/devtoo..., se:cdpVersion: 148.0.7778.218, setWindowRect: true, strictFileInteractability: false, timeouts: {implicit: 0, pageLoad: 300000, script: 30000}, unhandledPromptBehavior: dismiss and notify, webauthn:extension:credBlob: true, webauthn:extension:largeBlob: true, webauthn:extension:minPinLength: true, webauthn:extension:prf: true, webauthn:virtualAuthenticators: true}
Session ID: a4fca1db6dbe00b42e5a79b1c3f2c647
at org.openqa.selenium.support.ui.WebDriverWait.timeoutException(WebDriverWait.java:84)
at org.openqa.selenium.support.ui.FluentWait.until(FluentWait.java:228)
at com.creatio.crm.framework.web.commons.WebCommons.waitForElement(WebCommons.java:166)
at com.creatio.crm.application.steps.CookiesPageSteps.verifyCookiesSelectionSwitches(CookiesPageSteps.java:47)
at com.creatio.crm.application.stepDefinitions.applicationStepDefinitions.verifyCookiesPopUpSwitchButtons(applicationStepDefinitions.java:137)
at ✽.Verify cookies pop-up switch buttons(file:///C:/AutomationTraining/CreatioHybridFramework/UIFeatures/CookiesPage.feature:31)
]]>
    </error>
  </testcase> <!-- runScenario -->
  <testcase classname="com.creatio.crm.application.testRunner.ApplicationTestRunner" name="runScenario" time="38.565">
    <error message="Expected condition failed: waiting for visibility of [[ChromeDriver: chrome on windows (4608f495d704ae707e50a02b3a475c93)] -&gt; xpath: //span[text()=&#039;LOG IN TO YOUR ACCOUNT&#039;]] (tried for 30 second(s) with 500 milliseconds interval)
Build info: version: &#039;4.30.0&#039;, revision: &#039;509c7f17cc*&#039;
System info: os.name: &#039;Windows 11&#039;, os.arch: &#039;amd64&#039;, os.version: &#039;10.0&#039;, java.version: &#039;21.0.9&#039;
Driver info: org.openqa.selenium.chrome.ChromeDriver
Capabilities {acceptInsecureCerts: false, browserName: chrome, browserVersion: 148.0.7778.218, chrome: {chromedriverVersion: 148.0.7778.178 (d096af1c9e9..., userDataDir: C:\Users\DELLTO~1\AppData\L...}, fedcm:accounts: true, goog:chromeOptions: {debuggerAddress: localhost:50462}, goog:processID: 17616, networkConnectionEnabled: false, pageLoadStrategy: normal, platformName: windows, proxy: Proxy(), se:cdp: ws://localhost:50462/devtoo..., se:cdpVersion: 148.0.7778.218, setWindowRect: true, strictFileInteractability: false, timeouts: {implicit: 0, pageLoad: 300000, script: 30000}, unhandledPromptBehavior: dismiss and notify, webauthn:extension:credBlob: true, webauthn:extension:largeBlob: true, webauthn:extension:minPinLength: true, webauthn:extension:prf: true, webauthn:virtualAuthenticators: true}
Session ID: 4608f495d704ae707e50a02b3a475c93" type="org.openqa.selenium.TimeoutException">
      <![CDATA[org.openqa.selenium.TimeoutException: Expected condition failed: waiting for visibility of [[ChromeDriver: chrome on windows (4608f495d704ae707e50a02b3a475c93)] -> xpath: //span[text()='LOG IN TO YOUR ACCOUNT']] (tried for 30 second(s) with 500 milliseconds interval)
Build info: version: '4.30.0', revision: '509c7f17cc*'
System info: os.name: 'Windows 11', os.arch: 'amd64', os.version: '10.0', java.version: '21.0.9'
Driver info: org.openqa.selenium.chrome.ChromeDriver
Capabilities {acceptInsecureCerts: false, browserName: chrome, browserVersion: 148.0.7778.218, chrome: {chromedriverVersion: 148.0.7778.178 (d096af1c9e9..., userDataDir: C:\Users\DELLTO~1\AppData\L...}, fedcm:accounts: true, goog:chromeOptions: {debuggerAddress: localhost:50462}, goog:processID: 17616, networkConnectionEnabled: false, pageLoadStrategy: normal, platformName: windows, proxy: Proxy(), se:cdp: ws://localhost:50462/devtoo..., se:cdpVersion: 148.0.7778.218, setWindowRect: true, strictFileInteractability: false, timeouts: {implicit: 0, pageLoad: 300000, script: 30000}, unhandledPromptBehavior: dismiss and notify, webauthn:extension:credBlob: true, webauthn:extension:largeBlob: true, webauthn:extension:minPinLength: true, webauthn:extension:prf: true, webauthn:virtualAuthenticators: true}
Session ID: 4608f495d704ae707e50a02b3a475c93
at org.openqa.selenium.support.ui.WebDriverWait.timeoutException(WebDriverWait.java:84)
at org.openqa.selenium.support.ui.FluentWait.until(FluentWait.java:228)
at com.creatio.crm.framework.web.commons.WebCommons.waitForElement(WebCommons.java:166)
at com.creatio.crm.application.steps.LoginPageSteps.verifyLoginPageIsDisplayed(LoginPageSteps.java:17)
at com.creatio.crm.application.stepDefinitions.applicationStepDefinitions.VerifyLoginPageDisplayed(applicationStepDefinitions.java:59)
at ✽.Verify Login page is displayed(file:///C:/AutomationTraining/CreatioHybridFramework/UIFeatures/LoginPage.feature:22)
]]>
    </error>
  </testcase> <!-- runScenario -->
  <testcase classname="com.creatio.crm.application.testRunner.ApplicationTestRunner" name="runScenario" time="9.298"/>
</testsuite> <!-- com.creatio.crm.application.testRunner.ApplicationTestRunner -->
