<?xml version="1.0" encoding="UTF-8"?>
<!-- Generated by org.testng.reporters.JUnitReportReporter -->
<testsuite hostname="KivishaMehanth" failures="4" tests="6" name="crm.creatio.crm.api.runner.ApiTestRunner" time="23.088" errors="0" timestamp="2026-06-23T20:42:36 CEST" skipped="0">
  <testcase classname="crm.creatio.crm.api.runner.ApiTestRunner" name="runScenario" time="3.023">
    <failure message="Status Code not matching expected [200] but found [404]" type="java.lang.AssertionError">
      <![CDATA[java.lang.AssertionError: Status Code not matching expected [200] but found [404]
at org.testng.Assert.fail(Assert.java:111)
at org.testng.Assert.failNotEquals(Assert.java:1590)
at org.testng.Assert.assertEqualsImpl(Assert.java:150)
at org.testng.Assert.assertEquals(Assert.java:132)
at org.testng.Assert.assertEquals(Assert.java:1431)
at org.testng.Assert.assertEquals(Assert.java:1395)
at com.creatio.crm.framework.api.commons.APICommons.validateStatusCode(APICommons.java:57)
at com.creatio.crm.api.stepDefinitions.ApiStepDefinitons.verifyResponseCode(ApiStepDefinitons.java:33)
at ✽.User should get the response code as 200(file:///C:/AutomationTraining/CreatioHybridFramework/APiFeatures/GitApi.feature:19)
]]>
    </failure>
  </testcase> <!-- runScenario -->
  <testcase classname="crm.creatio.crm.api.runner.ApiTestRunner" name="runScenario" time="2.886">
    <failure message="Status Code not matching expected [204] but found [404]" type="java.lang.AssertionError">
      <![CDATA[java.lang.AssertionError: Status Code not matching expected [204] but found [404]
at org.testng.Assert.fail(Assert.java:111)
at org.testng.Assert.failNotEquals(Assert.java:1590)
at org.testng.Assert.assertEqualsImpl(Assert.java:150)
at org.testng.Assert.assertEquals(Assert.java:132)
at org.testng.Assert.assertEquals(Assert.java:1431)
at org.testng.Assert.assertEquals(Assert.java:1395)
at com.creatio.crm.framework.api.commons.APICommons.validateStatusCode(APICommons.java:57)
at com.creatio.crm.api.stepDefinitions.ApiStepDefinitons.verifyResponseCode(ApiStepDefinitons.java:33)
at ✽.User should get the response code as 204(file:///C:/AutomationTraining/CreatioHybridFramework/APiFeatures/GitApi.feature:34)
]]>
    </failure>
  </testcase> <!-- runScenario -->
  <testcase classname="crm.creatio.crm.api.runner.ApiTestRunner" name="runScenario" time="11.506"/>
  <testcase classname="crm.creatio.crm.api.runner.ApiTestRunner" name="runScenario" time="2.725">
    <failure message="Status Code not matching expected [200] but found [400]" type="java.lang.AssertionError">
      <![CDATA[java.lang.AssertionError: Status Code not matching expected [200] but found [400]
at org.testng.Assert.fail(Assert.java:111)
at org.testng.Assert.failNotEquals(Assert.java:1590)
at org.testng.Assert.assertEqualsImpl(Assert.java:150)
at org.testng.Assert.assertEquals(Assert.java:132)
at org.testng.Assert.assertEquals(Assert.java:1431)
at org.testng.Assert.assertEquals(Assert.java:1395)
at com.creatio.crm.framework.api.commons.APICommons.validateStatusCode(APICommons.java:57)
at com.creatio.crm.api.stepDefinitions.ApiStepDefinitons.verifyResponseCode(ApiStepDefinitons.java:33)
at ✽.User should get the response code as 200(file:///C:/AutomationTraining/CreatioHybridFramework/APiFeatures/GitApi.feature:26)
]]>
    </failure>
  </testcase> <!-- runScenario -->
  <testcase classname="crm.creatio.crm.api.runner.ApiTestRunner" name="run" time="0.021"/>
  <testcase classname="crm.creatio.crm.api.runner.ApiTestRunner" name="runScenario" time="2.927">
    <failure message="Status Code not matching expected [201] but found [422]" type="java.lang.AssertionError">
      <![CDATA[java.lang.AssertionError: Status Code not matching expected [201] but found [422]
at org.testng.Assert.fail(Assert.java:111)
at org.testng.Assert.failNotEquals(Assert.java:1590)
at org.testng.Assert.assertEqualsImpl(Assert.java:150)
at org.testng.Assert.assertEquals(Assert.java:132)
at org.testng.Assert.assertEquals(Assert.java:1431)
at org.testng.Assert.assertEquals(Assert.java:1395)
at com.creatio.crm.framework.api.commons.APICommons.validateStatusCode(APICommons.java:57)
at com.creatio.crm.api.stepDefinitions.ApiStepDefinitons.verifyResponseCode(ApiStepDefinitons.java:33)
at ✽.User should get the response code as 201(file:///C:/AutomationTraining/CreatioHybridFramework/APiFeatures/GitApi.feature:7)
]]>
    </failure>
  </testcase> <!-- runScenario -->
</testsuite> <!-- crm.creatio.crm.api.runner.ApiTestRunner -->
